<?xml version="1.0" encoding="UTF-8"?>
<!-- Generated by org.testng.reporters.JUnitXMLReporter -->
<testsuite ignored="1" hostname="TheDurranis" failures="1" tests="15" name="Surefire test" time="73.901" errors="0" timestamp="2024-08-30T21:32:47 EDT">
  <testcase classname="com.BootcampQuestions_Tests.CheckoutPage_Q66_Test" name="checkoutSamsung" time="0.629"/>
  <testcase classname="com.BootcampQuestions_Tests.DifferentPage_Q100_Test" name="testNavigationAndElementPresence" time="3.34"/>
  <testcase classname="com.BootcampQuestions_Tests.HomePage_Q67_Test" name="testHomePageElements" time="0.885"/>
  <testcase classname="com.BootcampQuestions_Tests.LoginPage_Q31_Test" name="loginTN" time="1.521"/>
  <testcase classname="com.BootcampQuestions_Tests.LoginPage_Q32_Test" name="testSuccessfulLogin" time="1.597"/>
  <testcase classname="com.BootcampQuestions_Tests.LoginTest_Q99_Test" name="testLogin" time="4.657"/>
  <testcase classname="com.BootcampQuestions_Tests.RegistrationPage_Q65_Test" name="verifySuccessfulRegistration" time="2.329"/>
  <testcase classname="com.BootcampQuestions_Tests.SearchPage_Q34_Test" name="testSearchProduct" time="0.032"/>
  <testcase classname="com.BootcampQuestions_Tests.ShoppingCartPage_Q33_Test" name="testAddProductToCart" time="0.625"/>
  <testcase classname="com.Hybrid_Framework_Bootcamp_Q1_Tests.ALoginTest" name="loginTN" time="1.423"/>
  <testcase classname="com.Hybrid_Framework_Bootcamp_Q1_Tests.BRegisterTest" name="registerTNUsingCss" time="2.356"/>
  <testcase classname="com.Hybrid_Framework_Bootcamp_Q1_Tests.CSearchTest" name="searchProduct" time="0.828"/>
  <testcase classname="com.Hybrid_Framework_Bootcamp_Q1_Tests.DCheckoutTest" name="checkoutSamsung" time="5.189">
    <failure type="org.openqa.selenium.TimeoutException" message="Expected condition failed: waiting for element to be clickable: By.cssSelector: a.btn.btn-primary[href*=&amp;apos;checkout/checkout&amp;apos;] (tried for 5 second(s) with 500 milliseconds interval)
Build info: version: &amp;apos;4.23.1&amp;apos;, revision: &amp;apos;656257d8e9&amp;apos;
System info: os.name: &amp;apos;Windows 11&amp;apos;, os.arch: &amp;apos;amd64&amp;apos;, os.version: &amp;apos;10.0&amp;apos;, java.version: &amp;apos;17.0.10&amp;apos;
Driver info: org.openqa.selenium.chrome.ChromeDriver
Capabilities {acceptInsecureCerts: false, browserName: chrome, browserVersion: 128.0.6613.114, chrome: {chromedriverVersion: 128.0.6613.86 (3045ed680fda..., userDataDir: C:\Users\Adeela\AppData\Loc...}, fedcm:accounts: true, goog:chromeOptions: {debuggerAddress: localhost:57809}, networkConnectionEnabled: false, pageLoadStrategy: normal, platformName: windows, proxy: Proxy(), se:cdp: ws://localhost:57809/devtoo..., se:cdpVersion: 128.0.6613.114, setWindowRect: true, strictFileInteractability: false, timeouts: {implicit: 0, pageLoad: 300000, script: 30000}, unhandledPromptBehavior: dismiss and notify, webauthn:extension:credBlob: true, webauthn:extension:largeBlob: true, webauthn:extension:minPinLength: true, webauthn:extension:prf: true, webauthn:virtualAuthenticators: true}
Session ID: 1ee4eb0f38f084635dc9309e84b23583">
      <![CDATA[org.openqa.selenium.TimeoutException: Expected condition failed: waiting for element to be clickable: By.cssSelector: a.btn.btn-primary[href*='checkout/checkout'] (tried for 5 second(s) with 500 milliseconds interval)
Build info: version: '4.23.1', revision: '656257d8e9'
System info: os.name: 'Windows 11', os.arch: 'amd64', os.version: '10.0', java.version: '17.0.10'
Driver info: org.openqa.selenium.chrome.ChromeDriver
Capabilities {acceptInsecureCerts: false, browserName: chrome, browserVersion: 128.0.6613.114, chrome: {chromedriverVersion: 128.0.6613.86 (3045ed680fda..., userDataDir: C:\Users\Adeela\AppData\Loc...}, fedcm:accounts: true, goog:chromeOptions: {debuggerAddress: localhost:57809}, networkConnectionEnabled: false, pageLoadStrategy: normal, platformName: windows, proxy: Proxy(), se:cdp: ws://localhost:57809/devtoo..., se:cdpVersion: 128.0.6613.114, setWindowRect: true, strictFileInteractability: false, timeouts: {implicit: 0, pageLoad: 300000, script: 30000}, unhandledPromptBehavior: dismiss and notify, webauthn:extension:credBlob: true, webauthn:extension:largeBlob: true, webauthn:extension:minPinLength: true, webauthn:extension:prf: true, webauthn:virtualAuthenticators: true}
Session ID: 1ee4eb0f38f084635dc9309e84b23583
at org.openqa.selenium.support.ui.WebDriverWait.timeoutException(WebDriverWait.java:84)
at org.openqa.selenium.support.ui.FluentWait.until(FluentWait.java:228)
at com.Hybrid_Framework_Bootcamp_Q1_Pages.DCheckoutPage.enterSearchTerm(DCheckoutPage.java:32)
at com.Hybrid_Framework_Bootcamp_Q1_Tests.DCheckoutTest.checkoutSamsung(DCheckoutTest.java:25)
at java.base/java.util.ArrayList.forEach(ArrayList.java:1511)
... Removed 32 stack frames]]>
    </failure>
  </testcase> <!-- checkoutSamsung -->
  <testcase classname="com.thisisatest.Test1" name="searchGoogle" time="1.648"/>
  <testcase classname="com.thisisatest.Test2" name="registerAccount" time="1.687"/>
  <testcase classname="com.thisisatest.Test2" name="loginWithValidCredentials" time="0.0">
    <ignored/>
  </testcase> <!-- loginWithValidCredentials -->
</testsuite> <!-- Surefire test -->
